
> grighundserver@1.0.0 start
> node index.js

server connected
monoDB is connected

> grighundserver@1.0.0 start
> node index.js

server connected
monoDB is connected

> grighundserver@1.0.0 start
> node index.js

server connected
monoDB is connected
TypeError: Cannot read properties of null (reading '_id')
    at exports.addNewMintNft (/var/www/backend.grighund.net/Grighund.net_server/Controller/MintNFTController.js:184:28)
    at processTicksAndRejections (node:internal/process/task_queues:96:5)
TypeError: Cannot read properties of null (reading '_id')
    at exports.addNewMintNft (/var/www/backend.grighund.net/Grighund.net_server/Controller/MintNFTController.js:184:28)
    at processTicksAndRejections (node:internal/process/task_queues:96:5)
TypeError: Cannot read properties of null (reading '_id')
    at exports.addNewMintNft (/var/www/backend.grighund.net/Grighund.net_server/Controller/MintNFTController.js:184:28)
    at runMicrotasks (<anonymous>)
    at processTicksAndRejections (node:internal/process/task_queues:96:5)
TypeError: Cannot read properties of null (reading '_id')
    at exports.addNewMintNft (/var/www/backend.grighund.net/Grighund.net_server/Controller/MintNFTController.js:184:28)
    at runMicrotasks (<anonymous>)
    at processTicksAndRejections (node:internal/process/task_queues:96:5)
TypeError: Cannot read properties of null (reading '_id')
    at exports.addNewMintNft (/var/www/backend.grighund.net/Grighund.net_server/Controller/MintNFTController.js:184:28)
    at runMicrotasks (<anonymous>)
    at processTicksAndRejections (node:internal/process/task_queues:96:5)
TypeError: Cannot read properties of null (reading '_id')
    at exports.addNewMintNft (/var/www/backend.grighund.net/Grighund.net_server/Controller/MintNFTController.js:184:28)
    at runMicrotasks (<anonymous>)
    at processTicksAndRejections (node:internal/process/task_queues:96:5)
TypeError: Cannot read properties of null (reading '_id')
    at exports.getMyVirtualWallet (/var/www/backend.grighund.net/Grighund.net_server/Controller/VirtualWalletController.js:5:76)
    at Layer.handle [as handle_request] (/var/www/backend.grighund.net/Grighund.net_server/node_modules/express/lib/router/layer.js:95:5)
    at next (/var/www/backend.grighund.net/Grighund.net_server/node_modules/express/lib/router/route.js:137:13)
    at AuthMiddleware (/var/www/backend.grighund.net/Grighund.net_server/Middleware/AuthMiddleware.js:15:13)
    at runMicrotasks (<anonymous>)
    at processTicksAndRejections (node:internal/process/task_queues:96:5)
TypeError: Cannot read properties of null (reading '_id')
    at exports.getMyVirtualWallet (/var/www/backend.grighund.net/Grighund.net_server/Controller/VirtualWalletController.js:5:76)
    at Layer.handle [as handle_request] (/var/www/backend.grighund.net/Grighund.net_server/node_modules/express/lib/router/layer.js:95:5)
    at next (/var/www/backend.grighund.net/Grighund.net_server/node_modules/express/lib/router/route.js:137:13)
    at AuthMiddleware (/var/www/backend.grighund.net/Grighund.net_server/Middleware/AuthMiddleware.js:15:13)
    at runMicrotasks (<anonymous>)
    at processTicksAndRejections (node:internal/process/task_queues:96:5)
TypeError: Cannot read properties of null (reading '_id')
    at exports.getMyVirtualWallet (/var/www/backend.grighund.net/Grighund.net_server/Controller/VirtualWalletController.js:5:76)
    at Layer.handle [as handle_request] (/var/www/backend.grighund.net/Grighund.net_server/node_modules/express/lib/router/layer.js:95:5)
    at next (/var/www/backend.grighund.net/Grighund.net_server/node_modules/express/lib/router/route.js:137:13)
    at AuthMiddleware (/var/www/backend.grighund.net/Grighund.net_server/Middleware/AuthMiddleware.js:15:13)
    at runMicrotasks (<anonymous>)
    at processTicksAndRejections (node:internal/process/task_queues:96:5)
TypeError: Cannot read properties of null (reading '_id')
    at exports.getMyVirtualWallet (/var/www/backend.grighund.net/Grighund.net_server/Controller/VirtualWalletController.js:5:76)
    at Layer.handle [as handle_request] (/var/www/backend.grighund.net/Grighund.net_server/node_modules/express/lib/router/layer.js:95:5)
    at next (/var/www/backend.grighund.net/Grighund.net_server/node_modules/express/lib/router/route.js:137:13)
    at AuthMiddleware (/var/www/backend.grighund.net/Grighund.net_server/Middleware/AuthMiddleware.js:15:13)
    at runMicrotasks (<anonymous>)
    at processTicksAndRejections (node:internal/process/task_queues:96:5)
TypeError: Cannot read properties of null (reading '_id')
    at exports.getMyVirtualWallet (/var/www/backend.grighund.net/Grighund.net_server/Controller/VirtualWalletController.js:5:76)
    at Layer.handle [as handle_request] (/var/www/backend.grighund.net/Grighund.net_server/node_modules/express/lib/router/layer.js:95:5)
    at next (/var/www/backend.grighund.net/Grighund.net_server/node_modules/express/lib/router/route.js:137:13)
    at AuthMiddleware (/var/www/backend.grighund.net/Grighund.net_server/Middleware/AuthMiddleware.js:15:13)
    at runMicrotasks (<anonymous>)
    at processTicksAndRejections (node:internal/process/task_queues:96:5)
TypeError: Cannot read properties of null (reading '_id')
    at exports.getMyVirtualWallet (/var/www/backend.grighund.net/Grighund.net_server/Controller/VirtualWalletController.js:5:76)
    at Layer.handle [as handle_request] (/var/www/backend.grighund.net/Grighund.net_server/node_modules/express/lib/router/layer.js:95:5)
    at next (/var/www/backend.grighund.net/Grighund.net_server/node_modules/express/lib/router/route.js:137:13)
    at AuthMiddleware (/var/www/backend.grighund.net/Grighund.net_server/Middleware/AuthMiddleware.js:15:13)
    at runMicrotasks (<anonymous>)
    at processTicksAndRejections (node:internal/process/task_queues:96:5)
TypeError: Cannot read properties of null (reading '_id')
    at exports.getMyVirtualWallet (/var/www/backend.grighund.net/Grighund.net_server/Controller/VirtualWalletController.js:5:76)
    at Layer.handle [as handle_request] (/var/www/backend.grighund.net/Grighund.net_server/node_modules/express/lib/router/layer.js:95:5)
    at next (/var/www/backend.grighund.net/Grighund.net_server/node_modules/express/lib/router/route.js:137:13)
    at AuthMiddleware (/var/www/backend.grighund.net/Grighund.net_server/Middleware/AuthMiddleware.js:15:13)
    at runMicrotasks (<anonymous>)
    at processTicksAndRejections (node:internal/process/task_queues:96:5)
TypeError: Cannot read properties of null (reading '_id')
    at exports.getMyVirtualWallet (/var/www/backend.grighund.net/Grighund.net_server/Controller/VirtualWalletController.js:5:76)
    at Layer.handle [as handle_request] (/var/www/backend.grighund.net/Grighund.net_server/node_modules/express/lib/router/layer.js:95:5)
    at next (/var/www/backend.grighund.net/Grighund.net_server/node_modules/express/lib/router/route.js:137:13)
    at AuthMiddleware (/var/www/backend.grighund.net/Grighund.net_server/Middleware/AuthMiddleware.js:15:13)
    at runMicrotasks (<anonymous>)
    at processTicksAndRejections (node:internal/process/task_queues:96:5)
TypeError: Cannot read properties of null (reading '_id')
    at exports.getMyVirtualWallet (/var/www/backend.grighund.net/Grighund.net_server/Controller/VirtualWalletController.js:5:76)
    at Layer.handle [as handle_request] (/var/www/backend.grighund.net/Grighund.net_server/node_modules/express/lib/router/layer.js:95:5)
    at next (/var/www/backend.grighund.net/Grighund.net_server/node_modules/express/lib/router/route.js:137:13)
    at AuthMiddleware (/var/www/backend.grighund.net/Grighund.net_server/Middleware/AuthMiddleware.js:15:13)
    at runMicrotasks (<anonymous>)
    at processTicksAndRejections (node:internal/process/task_queues:96:5)
TypeError: Cannot read properties of null (reading '_id')
    at exports.getMyVirtualWallet (/var/www/backend.grighund.net/Grighund.net_server/Controller/VirtualWalletController.js:5:76)
    at Layer.handle [as handle_request] (/var/www/backend.grighund.net/Grighund.net_server/node_modules/express/lib/router/layer.js:95:5)
    at next (/var/www/backend.grighund.net/Grighund.net_server/node_modules/express/lib/router/route.js:137:13)
    at AuthMiddleware (/var/www/backend.grighund.net/Grighund.net_server/Middleware/AuthMiddleware.js:15:13)
    at runMicrotasks (<anonymous>)
    at processTicksAndRejections (node:internal/process/task_queues:96:5)
TypeError: Cannot read properties of null (reading '_id')
    at exports.getMyVirtualWallet (/var/www/backend.grighund.net/Grighund.net_server/Controller/VirtualWalletController.js:5:76)
    at Layer.handle [as handle_request] (/var/www/backend.grighund.net/Grighund.net_server/node_modules/express/lib/router/layer.js:95:5)
    at next (/var/www/backend.grighund.net/Grighund.net_server/node_modules/express/lib/router/route.js:137:13)
    at AuthMiddleware (/var/www/backend.grighund.net/Grighund.net_server/Middleware/AuthMiddleware.js:15:13)
    at runMicrotasks (<anonymous>)
    at processTicksAndRejections (node:internal/process/task_queues:96:5)
TypeError: Cannot read properties of null (reading '_id')
    at exports.getMyVirtualWallet (/var/www/backend.grighund.net/Grighund.net_server/Controller/VirtualWalletController.js:5:76)
    at Layer.handle [as handle_request] (/var/www/backend.grighund.net/Grighund.net_server/node_modules/express/lib/router/layer.js:95:5)
    at next (/var/www/backend.grighund.net/Grighund.net_server/node_modules/express/lib/router/route.js:137:13)
    at AuthMiddleware (/var/www/backend.grighund.net/Grighund.net_server/Middleware/AuthMiddleware.js:15:13)
    at runMicrotasks (<anonymous>)
    at processTicksAndRejections (node:internal/process/task_queues:96:5)
TypeError: Cannot read properties of null (reading '_id')
    at exports.getMyVirtualWallet (/var/www/backend.grighund.net/Grighund.net_server/Controller/VirtualWalletController.js:5:76)
    at Layer.handle [as handle_request] (/var/www/backend.grighund.net/Grighund.net_server/node_modules/express/lib/router/layer.js:95:5)
    at next (/var/www/backend.grighund.net/Grighund.net_server/node_modules/express/lib/router/route.js:137:13)
    at AuthMiddleware (/var/www/backend.grighund.net/Grighund.net_server/Middleware/AuthMiddleware.js:15:13)
    at runMicrotasks (<anonymous>)
    at processTicksAndRejections (node:internal/process/task_queues:96:5)
TypeError: Cannot read properties of null (reading '_id')
    at exports.getMyVirtualWallet (/var/www/backend.grighund.net/Grighund.net_server/Controller/VirtualWalletController.js:5:76)
    at Layer.handle [as handle_request] (/var/www/backend.grighund.net/Grighund.net_server/node_modules/express/lib/router/layer.js:95:5)
    at next (/var/www/backend.grighund.net/Grighund.net_server/node_modules/express/lib/router/route.js:137:13)
    at AuthMiddleware (/var/www/backend.grighund.net/Grighund.net_server/Middleware/AuthMiddleware.js:15:13)
    at runMicrotasks (<anonymous>)
    at processTicksAndRejections (node:internal/process/task_queues:96:5)
TypeError: Cannot read properties of null (reading '_id')
    at exports.getMyVirtualWallet (/var/www/backend.grighund.net/Grighund.net_server/Controller/VirtualWalletController.js:5:76)
    at Layer.handle [as handle_request] (/var/www/backend.grighund.net/Grighund.net_server/node_modules/express/lib/router/layer.js:95:5)
    at next (/var/www/backend.grighund.net/Grighund.net_server/node_modules/express/lib/router/route.js:137:13)
    at AuthMiddleware (/var/www/backend.grighund.net/Grighund.net_server/Middleware/AuthMiddleware.js:15:13)
    at runMicrotasks (<anonymous>)
    at processTicksAndRejections (node:internal/process/task_queues:96:5)
TypeError: Cannot read properties of null (reading '_id')
    at exports.addNewMintNft (/var/www/backend.grighund.net/Grighund.net_server/Controller/MintNFTController.js:184:28)
    at runMicrotasks (<anonymous>)
    at processTicksAndRejections (node:internal/process/task_queues:96:5)
TypeError: Cannot read properties of null (reading '_id')
    at exports.getMyParkNFT (/var/www/backend.grighund.net/Grighund.net_server/Controller/ParkController.js:79:57)
    at Layer.handle [as handle_request] (/var/www/backend.grighund.net/Grighund.net_server/node_modules/express/lib/router/layer.js:95:5)
    at next (/var/www/backend.grighund.net/Grighund.net_server/node_modules/express/lib/router/route.js:137:13)
    at AuthMiddleware (/var/www/backend.grighund.net/Grighund.net_server/Middleware/AuthMiddleware.js:15:13)
    at runMicrotasks (<anonymous>)
    at processTicksAndRejections (node:internal/process/task_queues:96:5)
TypeError: Cannot read properties of null (reading '_id')
    at exports.getBreedNFTs (/var/www/backend.grighund.net/Grighund.net_server/Controller/BreedNFTController.js:162:28)
    at Layer.handle [as handle_request] (/var/www/backend.grighund.net/Grighund.net_server/node_modules/express/lib/router/layer.js:95:5)
    at next (/var/www/backend.grighund.net/Grighund.net_server/node_modules/express/lib/router/route.js:137:13)
    at AuthMiddleware (/var/www/backend.grighund.net/Grighund.net_server/Middleware/AuthMiddleware.js:15:13)
    at runMicrotasks (<anonymous>)
    at processTicksAndRejections (node:internal/process/task_queues:96:5)
TypeError: Cannot read properties of null (reading '_id')
    at exports.addNewMintNft (/var/www/backend.grighund.net/Grighund.net_server/Controller/MintNFTController.js:184:28)
    at runMicrotasks (<anonymous>)
    at processTicksAndRejections (node:internal/process/task_queues:96:5)
TypeError: Cannot read properties of null (reading '_id')
    at exports.getMyVirtualWallet (/var/www/backend.grighund.net/Grighund.net_server/Controller/VirtualWalletController.js:5:76)
    at Layer.handle [as handle_request] (/var/www/backend.grighund.net/Grighund.net_server/node_modules/express/lib/router/layer.js:95:5)
    at next (/var/www/backend.grighund.net/Grighund.net_server/node_modules/express/lib/router/route.js:137:13)
    at AuthMiddleware (/var/www/backend.grighund.net/Grighund.net_server/Middleware/AuthMiddleware.js:15:13)
    at runMicrotasks (<anonymous>)
    at processTicksAndRejections (node:internal/process/task_queues:96:5)
TypeError: Cannot read properties of null (reading '_id')
    at exports.getMyVirtualWallet (/var/www/backend.grighund.net/Grighund.net_server/Controller/VirtualWalletController.js:5:76)
    at Layer.handle [as handle_request] (/var/www/backend.grighund.net/Grighund.net_server/node_modules/express/lib/router/layer.js:95:5)
    at next (/var/www/backend.grighund.net/Grighund.net_server/node_modules/express/lib/router/route.js:137:13)
    at AuthMiddleware (/var/www/backend.grighund.net/Grighund.net_server/Middleware/AuthMiddleware.js:15:13)
    at runMicrotasks (<anonymous>)
    at processTicksAndRejections (node:internal/process/task_queues:96:5)
TypeError: Cannot read properties of null (reading '_id')
    at exports.getMyVirtualWallet (/var/www/backend.grighund.net/Grighund.net_server/Controller/VirtualWalletController.js:5:76)
    at Layer.handle [as handle_request] (/var/www/backend.grighund.net/Grighund.net_server/node_modules/express/lib/router/layer.js:95:5)
    at next (/var/www/backend.grighund.net/Grighund.net_server/node_modules/express/lib/router/route.js:137:13)
    at AuthMiddleware (/var/www/backend.grighund.net/Grighund.net_server/Middleware/AuthMiddleware.js:15:13)
    at runMicrotasks (<anonymous>)
    at processTicksAndRejections (node:internal/process/task_queues:96:5)
TypeError: Cannot read properties of null (reading '_id')
    at exports.getMyVirtualWallet (/var/www/backend.grighund.net/Grighund.net_server/Controller/VirtualWalletController.js:5:76)
    at Layer.handle [as handle_request] (/var/www/backend.grighund.net/Grighund.net_server/node_modules/express/lib/router/layer.js:95:5)
    at next (/var/www/backend.grighund.net/Grighund.net_server/node_modules/express/lib/router/route.js:137:13)
    at AuthMiddleware (/var/www/backend.grighund.net/Grighund.net_server/Middleware/AuthMiddleware.js:15:13)
    at runMicrotasks (<anonymous>)
    at processTicksAndRejections (node:internal/process/task_queues:96:5)
TypeError: Cannot read properties of null (reading '_id')
    at exports.getMyVirtualWallet (/var/www/backend.grighund.net/Grighund.net_server/Controller/VirtualWalletController.js:5:76)
    at Layer.handle [as handle_request] (/var/www/backend.grighund.net/Grighund.net_server/node_modules/express/lib/router/layer.js:95:5)
    at next (/var/www/backend.grighund.net/Grighund.net_server/node_modules/express/lib/router/route.js:137:13)
    at AuthMiddleware (/var/www/backend.grighund.net/Grighund.net_server/Middleware/AuthMiddleware.js:15:13)
    at runMicrotasks (<anonymous>)
    at processTicksAndRejections (node:internal/process/task_queues:96:5)
TypeError: Cannot read properties of null (reading '_id')
    at exports.getMyVirtualWallet (/var/www/backend.grighund.net/Grighund.net_server/Controller/VirtualWalletController.js:5:76)
    at Layer.handle [as handle_request] (/var/www/backend.grighund.net/Grighund.net_server/node_modules/express/lib/router/layer.js:95:5)
    at next (/var/www/backend.grighund.net/Grighund.net_server/node_modules/express/lib/router/route.js:137:13)
    at AuthMiddleware (/var/www/backend.grighund.net/Grighund.net_server/Middleware/AuthMiddleware.js:15:13)
    at runMicrotasks (<anonymous>)
    at processTicksAndRejections (node:internal/process/task_queues:96:5)
TypeError: Cannot read properties of null (reading '_id')
    at exports.getMyVirtualWallet (/var/www/backend.grighund.net/Grighund.net_server/Controller/VirtualWalletController.js:5:76)
    at Layer.handle [as handle_request] (/var/www/backend.grighund.net/Grighund.net_server/node_modules/express/lib/router/layer.js:95:5)
    at next (/var/www/backend.grighund.net/Grighund.net_server/node_modules/express/lib/router/route.js:137:13)
    at AuthMiddleware (/var/www/backend.grighund.net/Grighund.net_server/Middleware/AuthMiddleware.js:15:13)
    at runMicrotasks (<anonymous>)
    at processTicksAndRejections (node:internal/process/task_queues:96:5)
TypeError: Cannot read properties of null (reading '_id')
    at exports.getMyVirtualWallet (/var/www/backend.grighund.net/Grighund.net_server/Controller/VirtualWalletController.js:5:76)
    at Layer.handle [as handle_request] (/var/www/backend.grighund.net/Grighund.net_server/node_modules/express/lib/router/layer.js:95:5)
    at next (/var/www/backend.grighund.net/Grighund.net_server/node_modules/express/lib/router/route.js:137:13)
    at AuthMiddleware (/var/www/backend.grighund.net/Grighund.net_server/Middleware/AuthMiddleware.js:15:13)
    at runMicrotasks (<anonymous>)
    at processTicksAndRejections (node:internal/process/task_queues:96:5)
TypeError: Cannot read properties of null (reading '_id')
    at exports.getMyVirtualWallet (/var/www/backend.grighund.net/Grighund.net_server/Controller/VirtualWalletController.js:5:76)
    at Layer.handle [as handle_request] (/var/www/backend.grighund.net/Grighund.net_server/node_modules/express/lib/router/layer.js:95:5)
    at next (/var/www/backend.grighund.net/Grighund.net_server/node_modules/express/lib/router/route.js:137:13)
    at AuthMiddleware (/var/www/backend.grighund.net/Grighund.net_server/Middleware/AuthMiddleware.js:15:13)
    at runMicrotasks (<anonymous>)
    at processTicksAndRejections (node:internal/process/task_queues:96:5)
TypeError: Cannot read properties of null (reading '_id')
    at exports.getMyVirtualWallet (/var/www/backend.grighund.net/Grighund.net_server/Controller/VirtualWalletController.js:5:76)
    at Layer.handle [as handle_request] (/var/www/backend.grighund.net/Grighund.net_server/node_modules/express/lib/router/layer.js:95:5)
    at next (/var/www/backend.grighund.net/Grighund.net_server/node_modules/express/lib/router/route.js:137:13)
    at AuthMiddleware (/var/www/backend.grighund.net/Grighund.net_server/Middleware/AuthMiddleware.js:15:13)
    at runMicrotasks (<anonymous>)
    at processTicksAndRejections (node:internal/process/task_queues:96:5)
TypeError: Cannot read properties of null (reading '_id')
    at exports.getMyVirtualWallet (/var/www/backend.grighund.net/Grighund.net_server/Controller/VirtualWalletController.js:5:76)
    at Layer.handle [as handle_request] (/var/www/backend.grighund.net/Grighund.net_server/node_modules/express/lib/router/layer.js:95:5)
    at next (/var/www/backend.grighund.net/Grighund.net_server/node_modules/express/lib/router/route.js:137:13)
    at AuthMiddleware (/var/www/backend.grighund.net/Grighund.net_server/Middleware/AuthMiddleware.js:15:13)
    at runMicrotasks (<anonymous>)
    at processTicksAndRejections (node:internal/process/task_queues:96:5)
TypeError: Cannot read properties of null (reading '_id')
    at exports.getMyVirtualWallet (/var/www/backend.grighund.net/Grighund.net_server/Controller/VirtualWalletController.js:5:76)
    at Layer.handle [as handle_request] (/var/www/backend.grighund.net/Grighund.net_server/node_modules/express/lib/router/layer.js:95:5)
    at next (/var/www/backend.grighund.net/Grighund.net_server/node_modules/express/lib/router/route.js:137:13)
    at AuthMiddleware (/var/www/backend.grighund.net/Grighund.net_server/Middleware/AuthMiddleware.js:15:13)
    at runMicrotasks (<anonymous>)
    at processTicksAndRejections (node:internal/process/task_queues:96:5)
TypeError: Cannot read properties of null (reading '_id')
    at exports.getMyVirtualWallet (/var/www/backend.grighund.net/Grighund.net_server/Controller/VirtualWalletController.js:5:76)
    at Layer.handle [as handle_request] (/var/www/backend.grighund.net/Grighund.net_server/node_modules/express/lib/router/layer.js:95:5)
    at next (/var/www/backend.grighund.net/Grighund.net_server/node_modules/express/lib/router/route.js:137:13)
    at AuthMiddleware (/var/www/backend.grighund.net/Grighund.net_server/Middleware/AuthMiddleware.js:15:13)
    at runMicrotasks (<anonymous>)
    at processTicksAndRejections (node:internal/process/task_queues:96:5)
TypeError: Cannot read properties of null (reading '_id')
    at exports.getMyVirtualWallet (/var/www/backend.grighund.net/Grighund.net_server/Controller/VirtualWalletController.js:5:76)
    at Layer.handle [as handle_request] (/var/www/backend.grighund.net/Grighund.net_server/node_modules/express/lib/router/layer.js:95:5)
    at next (/var/www/backend.grighund.net/Grighund.net_server/node_modules/express/lib/router/route.js:137:13)
    at AuthMiddleware (/var/www/backend.grighund.net/Grighund.net_server/Middleware/AuthMiddleware.js:15:13)
    at runMicrotasks (<anonymous>)
    at processTicksAndRejections (node:internal/process/task_queues:96:5)
TypeError: Cannot read properties of null (reading '_id')
    at exports.getMyVirtualWallet (/var/www/backend.grighund.net/Grighund.net_server/Controller/VirtualWalletController.js:5:76)
    at Layer.handle [as handle_request] (/var/www/backend.grighund.net/Grighund.net_server/node_modules/express/lib/router/layer.js:95:5)
    at next (/var/www/backend.grighund.net/Grighund.net_server/node_modules/express/lib/router/route.js:137:13)
    at AuthMiddleware (/var/www/backend.grighund.net/Grighund.net_server/Middleware/AuthMiddleware.js:15:13)
    at runMicrotasks (<anonymous>)
    at processTicksAndRejections (node:internal/process/task_queues:96:5)
TypeError: Cannot read properties of null (reading '_id')
    at exports.getMyVirtualWallet (/var/www/backend.grighund.net/Grighund.net_server/Controller/VirtualWalletController.js:5:76)
    at Layer.handle [as handle_request] (/var/www/backend.grighund.net/Grighund.net_server/node_modules/express/lib/router/layer.js:95:5)
    at next (/var/www/backend.grighund.net/Grighund.net_server/node_modules/express/lib/router/route.js:137:13)
    at AuthMiddleware (/var/www/backend.grighund.net/Grighund.net_server/Middleware/AuthMiddleware.js:15:13)
    at runMicrotasks (<anonymous>)
    at processTicksAndRejections (node:internal/process/task_queues:96:5)
TypeError: Cannot read properties of null (reading '_id')
    at exports.getMyVirtualWallet (/var/www/backend.grighund.net/Grighund.net_server/Controller/VirtualWalletController.js:5:76)
    at Layer.handle [as handle_request] (/var/www/backend.grighund.net/Grighund.net_server/node_modules/express/lib/router/layer.js:95:5)
    at next (/var/www/backend.grighund.net/Grighund.net_server/node_modules/express/lib/router/route.js:137:13)
    at AuthMiddleware (/var/www/backend.grighund.net/Grighund.net_server/Middleware/AuthMiddleware.js:15:13)
    at runMicrotasks (<anonymous>)
    at processTicksAndRejections (node:internal/process/task_queues:96:5)
TypeError: Cannot read properties of null (reading '_id')
    at exports.getMyVirtualWallet (/var/www/backend.grighund.net/Grighund.net_server/Controller/VirtualWalletController.js:5:76)
    at Layer.handle [as handle_request] (/var/www/backend.grighund.net/Grighund.net_server/node_modules/express/lib/router/layer.js:95:5)
    at next (/var/www/backend.grighund.net/Grighund.net_server/node_modules/express/lib/router/route.js:137:13)
    at AuthMiddleware (/var/www/backend.grighund.net/Grighund.net_server/Middleware/AuthMiddleware.js:15:13)
    at runMicrotasks (<anonymous>)
    at processTicksAndRejections (node:internal/process/task_queues:96:5)
TypeError: Cannot read properties of null (reading '_id')
    at exports.getMyVirtualWallet (/var/www/backend.grighund.net/Grighund.net_server/Controller/VirtualWalletController.js:5:76)
    at Layer.handle [as handle_request] (/var/www/backend.grighund.net/Grighund.net_server/node_modules/express/lib/router/layer.js:95:5)
    at next (/var/www/backend.grighund.net/Grighund.net_server/node_modules/express/lib/router/route.js:137:13)
    at AuthMiddleware (/var/www/backend.grighund.net/Grighund.net_server/Middleware/AuthMiddleware.js:15:13)
    at runMicrotasks (<anonymous>)
    at processTicksAndRejections (node:internal/process/task_queues:96:5)
TypeError: Cannot read properties of null (reading '_id')
    at exports.getMyVirtualWallet (/var/www/backend.grighund.net/Grighund.net_server/Controller/VirtualWalletController.js:5:76)
    at Layer.handle [as handle_request] (/var/www/backend.grighund.net/Grighund.net_server/node_modules/express/lib/router/layer.js:95:5)
    at next (/var/www/backend.grighund.net/Grighund.net_server/node_modules/express/lib/router/route.js:137:13)
    at AuthMiddleware (/var/www/backend.grighund.net/Grighund.net_server/Middleware/AuthMiddleware.js:15:13)
    at runMicrotasks (<anonymous>)
    at processTicksAndRejections (node:internal/process/task_queues:96:5)
TypeError: Cannot read properties of null (reading '_id')
    at exports.getMyVirtualWallet (/var/www/backend.grighund.net/Grighund.net_server/Controller/VirtualWalletController.js:5:76)
    at Layer.handle [as handle_request] (/var/www/backend.grighund.net/Grighund.net_server/node_modules/express/lib/router/layer.js:95:5)
    at next (/var/www/backend.grighund.net/Grighund.net_server/node_modules/express/lib/router/route.js:137:13)
    at AuthMiddleware (/var/www/backend.grighund.net/Grighund.net_server/Middleware/AuthMiddleware.js:15:13)
    at runMicrotasks (<anonymous>)
    at processTicksAndRejections (node:internal/process/task_queues:96:5)
TypeError: Cannot read properties of null (reading '_id')
    at exports.addNewMintNft (/var/www/backend.grighund.net/Grighund.net_server/Controller/MintNFTController.js:184:28)
    at runMicrotasks (<anonymous>)
    at processTicksAndRejections (node:internal/process/task_queues:96:5)
TypeError: Cannot read properties of null (reading '_id')
    at exports.getMyVirtualWallet (/var/www/backend.grighund.net/Grighund.net_server/Controller/VirtualWalletController.js:5:76)
    at Layer.handle [as handle_request] (/var/www/backend.grighund.net/Grighund.net_server/node_modules/express/lib/router/layer.js:95:5)
    at next (/var/www/backend.grighund.net/Grighund.net_server/node_modules/express/lib/router/route.js:137:13)
    at AuthMiddleware (/var/www/backend.grighund.net/Grighund.net_server/Middleware/AuthMiddleware.js:15:13)
    at runMicrotasks (<anonymous>)
    at processTicksAndRejections (node:internal/process/task_queues:96:5)
TypeError: Cannot read properties of null (reading '_id')
    at exports.getMyVirtualWallet (/var/www/backend.grighund.net/Grighund.net_server/Controller/VirtualWalletController.js:5:76)
    at Layer.handle [as handle_request] (/var/www/backend.grighund.net/Grighund.net_server/node_modules/express/lib/router/layer.js:95:5)
    at next (/var/www/backend.grighund.net/Grighund.net_server/node_modules/express/lib/router/route.js:137:13)
    at AuthMiddleware (/var/www/backend.grighund.net/Grighund.net_server/Middleware/AuthMiddleware.js:15:13)
    at runMicrotasks (<anonymous>)
    at processTicksAndRejections (node:internal/process/task_queues:96:5)
TypeError: Cannot read properties of null (reading '_id')
    at exports.getMyVirtualWallet (/var/www/backend.grighund.net/Grighund.net_server/Controller/VirtualWalletController.js:5:76)
    at Layer.handle [as handle_request] (/var/www/backend.grighund.net/Grighund.net_server/node_modules/express/lib/router/layer.js:95:5)
    at next (/var/www/backend.grighund.net/Grighund.net_server/node_modules/express/lib/router/route.js:137:13)
    at AuthMiddleware (/var/www/backend.grighund.net/Grighund.net_server/Middleware/AuthMiddleware.js:15:13)
    at runMicrotasks (<anonymous>)
    at processTicksAndRejections (node:internal/process/task_queues:96:5)
TypeError: Cannot read properties of null (reading '_id')
    at exports.getMyVirtualWallet (/var/www/backend.grighund.net/Grighund.net_server/Controller/VirtualWalletController.js:5:76)
    at Layer.handle [as handle_request] (/var/www/backend.grighund.net/Grighund.net_server/node_modules/express/lib/router/layer.js:95:5)
    at next (/var/www/backend.grighund.net/Grighund.net_server/node_modules/express/lib/router/route.js:137:13)
    at AuthMiddleware (/var/www/backend.grighund.net/Grighund.net_server/Middleware/AuthMiddleware.js:15:13)
    at runMicrotasks (<anonymous>)
    at processTicksAndRejections (node:internal/process/task_queues:96:5)
TypeError: Cannot read properties of null (reading '_id')
    at exports.getMyVirtualWallet (/var/www/backend.grighund.net/Grighund.net_server/Controller/VirtualWalletController.js:5:76)
    at Layer.handle [as handle_request] (/var/www/backend.grighund.net/Grighund.net_server/node_modules/express/lib/router/layer.js:95:5)
    at next (/var/www/backend.grighund.net/Grighund.net_server/node_modules/express/lib/router/route.js:137:13)
    at AuthMiddleware (/var/www/backend.grighund.net/Grighund.net_server/Middleware/AuthMiddleware.js:15:13)
    at runMicrotasks (<anonymous>)
    at processTicksAndRejections (node:internal/process/task_queues:96:5)
TypeError: Cannot read properties of null (reading '_id')
    at exports.getMyVirtualWallet (/var/www/backend.grighund.net/Grighund.net_server/Controller/VirtualWalletController.js:5:76)
    at Layer.handle [as handle_request] (/var/www/backend.grighund.net/Grighund.net_server/node_modules/express/lib/router/layer.js:95:5)
    at next (/var/www/backend.grighund.net/Grighund.net_server/node_modules/express/lib/router/route.js:137:13)
    at AuthMiddleware (/var/www/backend.grighund.net/Grighund.net_server/Middleware/AuthMiddleware.js:15:13)
    at runMicrotasks (<anonymous>)
    at processTicksAndRejections (node:internal/process/task_queues:96:5)
TypeError: Cannot read properties of null (reading '_id')
    at exports.getMyVirtualWallet (/var/www/backend.grighund.net/Grighund.net_server/Controller/VirtualWalletController.js:5:76)
    at Layer.handle [as handle_request] (/var/www/backend.grighund.net/Grighund.net_server/node_modules/express/lib/router/layer.js:95:5)
    at next (/var/www/backend.grighund.net/Grighund.net_server/node_modules/express/lib/router/route.js:137:13)
    at AuthMiddleware (/var/www/backend.grighund.net/Grighund.net_server/Middleware/AuthMiddleware.js:15:13)
    at runMicrotasks (<anonymous>)
    at processTicksAndRejections (node:internal/process/task_queues:96:5)
TypeError: Cannot read properties of null (reading '_id')
    at exports.getMyVirtualWallet (/var/www/backend.grighund.net/Grighund.net_server/Controller/VirtualWalletController.js:5:76)
    at Layer.handle [as handle_request] (/var/www/backend.grighund.net/Grighund.net_server/node_modules/express/lib/router/layer.js:95:5)
    at next (/var/www/backend.grighund.net/Grighund.net_server/node_modules/express/lib/router/route.js:137:13)
    at AuthMiddleware (/var/www/backend.grighund.net/Grighund.net_server/Middleware/AuthMiddleware.js:15:13)
    at runMicrotasks (<anonymous>)
    at processTicksAndRejections (node:internal/process/task_queues:96:5)
TypeError: Cannot read properties of null (reading '_id')
    at exports.getMyVirtualWallet (/var/www/backend.grighund.net/Grighund.net_server/Controller/VirtualWalletController.js:5:76)
    at Layer.handle [as handle_request] (/var/www/backend.grighund.net/Grighund.net_server/node_modules/express/lib/router/layer.js:95:5)
    at next (/var/www/backend.grighund.net/Grighund.net_server/node_modules/express/lib/router/route.js:137:13)
    at AuthMiddleware (/var/www/backend.grighund.net/Grighund.net_server/Middleware/AuthMiddleware.js:15:13)
    at runMicrotasks (<anonymous>)
    at processTicksAndRejections (node:internal/process/task_queues:96:5)
TypeError: Cannot read properties of null (reading '_id')
    at exports.getMyVirtualWallet (/var/www/backend.grighund.net/Grighund.net_server/Controller/VirtualWalletController.js:5:76)
    at Layer.handle [as handle_request] (/var/www/backend.grighund.net/Grighund.net_server/node_modules/express/lib/router/layer.js:95:5)
    at next (/var/www/backend.grighund.net/Grighund.net_server/node_modules/express/lib/router/route.js:137:13)
    at AuthMiddleware (/var/www/backend.grighund.net/Grighund.net_server/Middleware/AuthMiddleware.js:15:13)
    at runMicrotasks (<anonymous>)
    at processTicksAndRejections (node:internal/process/task_queues:96:5)
TypeError: Cannot read properties of null (reading '_id')
    at exports.getMyVirtualWallet (/var/www/backend.grighund.net/Grighund.net_server/Controller/VirtualWalletController.js:5:76)
    at Layer.handle [as handle_request] (/var/www/backend.grighund.net/Grighund.net_server/node_modules/express/lib/router/layer.js:95:5)
    at next (/var/www/backend.grighund.net/Grighund.net_server/node_modules/express/lib/router/route.js:137:13)
    at AuthMiddleware (/var/www/backend.grighund.net/Grighund.net_server/Middleware/AuthMiddleware.js:15:13)
    at runMicrotasks (<anonymous>)
    at processTicksAndRejections (node:internal/process/task_queues:96:5)
TypeError: Cannot read properties of null (reading '_id')
    at exports.getMyVirtualWallet (/var/www/backend.grighund.net/Grighund.net_server/Controller/VirtualWalletController.js:5:76)
    at Layer.handle [as handle_request] (/var/www/backend.grighund.net/Grighund.net_server/node_modules/express/lib/router/layer.js:95:5)
    at next (/var/www/backend.grighund.net/Grighund.net_server/node_modules/express/lib/router/route.js:137:13)
    at AuthMiddleware (/var/www/backend.grighund.net/Grighund.net_server/Middleware/AuthMiddleware.js:15:13)
    at runMicrotasks (<anonymous>)
    at processTicksAndRejections (node:internal/process/task_queues:96:5)
TypeError: Cannot read properties of null (reading '_id')
    at exports.getMyVirtualWallet (/var/www/backend.grighund.net/Grighund.net_server/Controller/VirtualWalletController.js:5:76)
    at Layer.handle [as handle_request] (/var/www/backend.grighund.net/Grighund.net_server/node_modules/express/lib/router/layer.js:95:5)
    at next (/var/www/backend.grighund.net/Grighund.net_server/node_modules/express/lib/router/route.js:137:13)
    at AuthMiddleware (/var/www/backend.grighund.net/Grighund.net_server/Middleware/AuthMiddleware.js:15:13)
    at runMicrotasks (<anonymous>)
    at processTicksAndRejections (node:internal/process/task_queues:96:5)
TypeError: Cannot read properties of null (reading '_id')
    at exports.getMyVirtualWallet (/var/www/backend.grighund.net/Grighund.net_server/Controller/VirtualWalletController.js:5:76)
    at Layer.handle [as handle_request] (/var/www/backend.grighund.net/Grighund.net_server/node_modules/express/lib/router/layer.js:95:5)
    at next (/var/www/backend.grighund.net/Grighund.net_server/node_modules/express/lib/router/route.js:137:13)
    at AuthMiddleware (/var/www/backend.grighund.net/Grighund.net_server/Middleware/AuthMiddleware.js:15:13)
    at runMicrotasks (<anonymous>)
    at processTicksAndRejections (node:internal/process/task_queues:96:5)
TypeError: Cannot read properties of null (reading '_id')
    at exports.getMyVirtualWallet (/var/www/backend.grighund.net/Grighund.net_server/Controller/VirtualWalletController.js:5:76)
    at Layer.handle [as handle_request] (/var/www/backend.grighund.net/Grighund.net_server/node_modules/express/lib/router/layer.js:95:5)
    at next (/var/www/backend.grighund.net/Grighund.net_server/node_modules/express/lib/router/route.js:137:13)
    at AuthMiddleware (/var/www/backend.grighund.net/Grighund.net_server/Middleware/AuthMiddleware.js:15:13)
    at runMicrotasks (<anonymous>)
    at processTicksAndRejections (node:internal/process/task_queues:96:5)
TypeError: Cannot read properties of null (reading '_id')
    at exports.getMyVirtualWallet (/var/www/backend.grighund.net/Grighund.net_server/Controller/VirtualWalletController.js:5:76)
    at Layer.handle [as handle_request] (/var/www/backend.grighund.net/Grighund.net_server/node_modules/express/lib/router/layer.js:95:5)
    at next (/var/www/backend.grighund.net/Grighund.net_server/node_modules/express/lib/router/route.js:137:13)
    at AuthMiddleware (/var/www/backend.grighund.net/Grighund.net_server/Middleware/AuthMiddleware.js:15:13)
    at runMicrotasks (<anonymous>)
    at processTicksAndRejections (node:internal/process/task_queues:96:5)
TypeError: Cannot read properties of null (reading '_id')
    at exports.getMyVirtualWallet (/var/www/backend.grighund.net/Grighund.net_server/Controller/VirtualWalletController.js:5:76)
    at Layer.handle [as handle_request] (/var/www/backend.grighund.net/Grighund.net_server/node_modules/express/lib/router/layer.js:95:5)
    at next (/var/www/backend.grighund.net/Grighund.net_server/node_modules/express/lib/router/route.js:137:13)
    at AuthMiddleware (/var/www/backend.grighund.net/Grighund.net_server/Middleware/AuthMiddleware.js:15:13)
    at runMicrotasks (<anonymous>)
    at processTicksAndRejections (node:internal/process/task_queues:96:5)
TypeError: Cannot read properties of null (reading '_id')
    at exports.getMyVirtualWallet (/var/www/backend.grighund.net/Grighund.net_server/Controller/VirtualWalletController.js:5:76)
    at Layer.handle [as handle_request] (/var/www/backend.grighund.net/Grighund.net_server/node_modules/express/lib/router/layer.js:95:5)
    at next (/var/www/backend.grighund.net/Grighund.net_server/node_modules/express/lib/router/route.js:137:13)
    at AuthMiddleware (/var/www/backend.grighund.net/Grighund.net_server/Middleware/AuthMiddleware.js:15:13)
    at runMicrotasks (<anonymous>)
    at processTicksAndRejections (node:internal/process/task_queues:96:5)
TypeError: Cannot read properties of null (reading '_id')
    at exports.getMyVirtualWallet (/var/www/backend.grighund.net/Grighund.net_server/Controller/VirtualWalletController.js:5:76)
    at Layer.handle [as handle_request] (/var/www/backend.grighund.net/Grighund.net_server/node_modules/express/lib/router/layer.js:95:5)
    at next (/var/www/backend.grighund.net/Grighund.net_server/node_modules/express/lib/router/route.js:137:13)
    at AuthMiddleware (/var/www/backend.grighund.net/Grighund.net_server/Middleware/AuthMiddleware.js:15:13)
    at runMicrotasks (<anonymous>)
    at processTicksAndRejections (node:internal/process/task_queues:96:5)
TypeError: Cannot read properties of null (reading '_id')
    at exports.getMyVirtualWallet (/var/www/backend.grighund.net/Grighund.net_server/Controller/VirtualWalletController.js:5:76)
    at Layer.handle [as handle_request] (/var/www/backend.grighund.net/Grighund.net_server/node_modules/express/lib/router/layer.js:95:5)
    at next (/var/www/backend.grighund.net/Grighund.net_server/node_modules/express/lib/router/route.js:137:13)
    at AuthMiddleware (/var/www/backend.grighund.net/Grighund.net_server/Middleware/AuthMiddleware.js:15:13)
    at runMicrotasks (<anonymous>)
    at processTicksAndRejections (node:internal/process/task_queues:96:5)
TypeError: Cannot read properties of null (reading '_id')
    at exports.getMyVirtualWallet (/var/www/backend.grighund.net/Grighund.net_server/Controller/VirtualWalletController.js:5:76)
    at Layer.handle [as handle_request] (/var/www/backend.grighund.net/Grighund.net_server/node_modules/express/lib/router/layer.js:95:5)
    at next (/var/www/backend.grighund.net/Grighund.net_server/node_modules/express/lib/router/route.js:137:13)
    at AuthMiddleware (/var/www/backend.grighund.net/Grighund.net_server/Middleware/AuthMiddleware.js:15:13)
    at runMicrotasks (<anonymous>)
    at processTicksAndRejections (node:internal/process/task_queues:96:5)
TypeError: Cannot read properties of null (reading '_id')
    at exports.getMyVirtualWallet (/var/www/backend.grighund.net/Grighund.net_server/Controller/VirtualWalletController.js:5:76)
    at Layer.handle [as handle_request] (/var/www/backend.grighund.net/Grighund.net_server/node_modules/express/lib/router/layer.js:95:5)
    at next (/var/www/backend.grighund.net/Grighund.net_server/node_modules/express/lib/router/route.js:137:13)
    at AuthMiddleware (/var/www/backend.grighund.net/Grighund.net_server/Middleware/AuthMiddleware.js:15:13)
    at runMicrotasks (<anonymous>)
    at processTicksAndRejections (node:internal/process/task_queues:96:5)
TypeError: Cannot read properties of null (reading '_id')
    at exports.getMyVirtualWallet (/var/www/backend.grighund.net/Grighund.net_server/Controller/VirtualWalletController.js:5:76)
    at Layer.handle [as handle_request] (/var/www/backend.grighund.net/Grighund.net_server/node_modules/express/lib/router/layer.js:95:5)
    at next (/var/www/backend.grighund.net/Grighund.net_server/node_modules/express/lib/router/route.js:137:13)
    at AuthMiddleware (/var/www/backend.grighund.net/Grighund.net_server/Middleware/AuthMiddleware.js:15:13)
    at runMicrotasks (<anonymous>)
    at processTicksAndRejections (node:internal/process/task_queues:96:5)
TypeError: Cannot read properties of null (reading '_id')
    at exports.getMyVirtualWallet (/var/www/backend.grighund.net/Grighund.net_server/Controller/VirtualWalletController.js:5:76)
    at Layer.handle [as handle_request] (/var/www/backend.grighund.net/Grighund.net_server/node_modules/express/lib/router/layer.js:95:5)
    at next (/var/www/backend.grighund.net/Grighund.net_server/node_modules/express/lib/router/route.js:137:13)
    at AuthMiddleware (/var/www/backend.grighund.net/Grighund.net_server/Middleware/AuthMiddleware.js:15:13)
    at runMicrotasks (<anonymous>)
    at processTicksAndRejections (node:internal/process/task_queues:96:5)
TypeError: Cannot read properties of null (reading '_id')
    at exports.getMyVirtualWallet (/var/www/backend.grighund.net/Grighund.net_server/Controller/VirtualWalletController.js:5:76)
    at Layer.handle [as handle_request] (/var/www/backend.grighund.net/Grighund.net_server/node_modules/express/lib/router/layer.js:95:5)
    at next (/var/www/backend.grighund.net/Grighund.net_server/node_modules/express/lib/router/route.js:137:13)
    at AuthMiddleware (/var/www/backend.grighund.net/Grighund.net_server/Middleware/AuthMiddleware.js:15:13)
    at runMicrotasks (<anonymous>)
    at processTicksAndRejections (node:internal/process/task_queues:96:5)
TypeError: Cannot read properties of null (reading '_id')
    at exports.getMyVirtualWallet (/var/www/backend.grighund.net/Grighund.net_server/Controller/VirtualWalletController.js:5:76)
    at Layer.handle [as handle_request] (/var/www/backend.grighund.net/Grighund.net_server/node_modules/express/lib/router/layer.js:95:5)
    at next (/var/www/backend.grighund.net/Grighund.net_server/node_modules/express/lib/router/route.js:137:13)
    at AuthMiddleware (/var/www/backend.grighund.net/Grighund.net_server/Middleware/AuthMiddleware.js:15:13)
    at runMicrotasks (<anonymous>)
    at processTicksAndRejections (node:internal/process/task_queues:96:5)
TypeError: Cannot read properties of null (reading '_id')
    at exports.getMyVirtualWallet (/var/www/backend.grighund.net/Grighund.net_server/Controller/VirtualWalletController.js:5:76)
    at Layer.handle [as handle_request] (/var/www/backend.grighund.net/Grighund.net_server/node_modules/express/lib/router/layer.js:95:5)
    at next (/var/www/backend.grighund.net/Grighund.net_server/node_modules/express/lib/router/route.js:137:13)
    at AuthMiddleware (/var/www/backend.grighund.net/Grighund.net_server/Middleware/AuthMiddleware.js:15:13)
    at runMicrotasks (<anonymous>)
    at processTicksAndRejections (node:internal/process/task_queues:96:5)
TypeError: Cannot read properties of null (reading '_id')
    at exports.getMyVirtualWallet (/var/www/backend.grighund.net/Grighund.net_server/Controller/VirtualWalletController.js:5:76)
    at Layer.handle [as handle_request] (/var/www/backend.grighund.net/Grighund.net_server/node_modules/express/lib/router/layer.js:95:5)
    at next (/var/www/backend.grighund.net/Grighund.net_server/node_modules/express/lib/router/route.js:137:13)
    at AuthMiddleware (/var/www/backend.grighund.net/Grighund.net_server/Middleware/AuthMiddleware.js:15:13)
    at runMicrotasks (<anonymous>)
    at processTicksAndRejections (node:internal/process/task_queues:96:5)
TypeError: Cannot read properties of null (reading '_id')
    at exports.getMyVirtualWallet (/var/www/backend.grighund.net/Grighund.net_server/Controller/VirtualWalletController.js:5:76)
    at Layer.handle [as handle_request] (/var/www/backend.grighund.net/Grighund.net_server/node_modules/express/lib/router/layer.js:95:5)
    at next (/var/www/backend.grighund.net/Grighund.net_server/node_modules/express/lib/router/route.js:137:13)
    at AuthMiddleware (/var/www/backend.grighund.net/Grighund.net_server/Middleware/AuthMiddleware.js:15:13)
    at runMicrotasks (<anonymous>)
    at processTicksAndRejections (node:internal/process/task_queues:96:5)
TypeError: Cannot read properties of null (reading '_id')
    at exports.getMyVirtualWallet (/var/www/backend.grighund.net/Grighund.net_server/Controller/VirtualWalletController.js:5:76)
    at Layer.handle [as handle_request] (/var/www/backend.grighund.net/Grighund.net_server/node_modules/express/lib/router/layer.js:95:5)
    at next (/var/www/backend.grighund.net/Grighund.net_server/node_modules/express/lib/router/route.js:137:13)
    at AuthMiddleware (/var/www/backend.grighund.net/Grighund.net_server/Middleware/AuthMiddleware.js:15:13)
    at runMicrotasks (<anonymous>)
    at processTicksAndRejections (node:internal/process/task_queues:96:5)
TypeError: Cannot read properties of null (reading '_id')
    at exports.getMyVirtualWallet (/var/www/backend.grighund.net/Grighund.net_server/Controller/VirtualWalletController.js:5:76)
    at Layer.handle [as handle_request] (/var/www/backend.grighund.net/Grighund.net_server/node_modules/express/lib/router/layer.js:95:5)
    at next (/var/www/backend.grighund.net/Grighund.net_server/node_modules/express/lib/router/route.js:137:13)
    at AuthMiddleware (/var/www/backend.grighund.net/Grighund.net_server/Middleware/AuthMiddleware.js:15:13)
    at runMicrotasks (<anonymous>)
    at processTicksAndRejections (node:internal/process/task_queues:96:5)
TypeError: Cannot read properties of null (reading '_id')
    at exports.getMyVirtualWallet (/var/www/backend.grighund.net/Grighund.net_server/Controller/VirtualWalletController.js:5:76)
    at Layer.handle [as handle_request] (/var/www/backend.grighund.net/Grighund.net_server/node_modules/express/lib/router/layer.js:95:5)
    at next (/var/www/backend.grighund.net/Grighund.net_server/node_modules/express/lib/router/route.js:137:13)
    at AuthMiddleware (/var/www/backend.grighund.net/Grighund.net_server/Middleware/AuthMiddleware.js:15:13)
    at runMicrotasks (<anonymous>)
    at processTicksAndRejections (node:internal/process/task_queues:96:5)
TypeError: Cannot read properties of null (reading '_id')
    at exports.getMyVirtualWallet (/var/www/backend.grighund.net/Grighund.net_server/Controller/VirtualWalletController.js:5:76)
    at Layer.handle [as handle_request] (/var/www/backend.grighund.net/Grighund.net_server/node_modules/express/lib/router/layer.js:95:5)
    at next (/var/www/backend.grighund.net/Grighund.net_server/node_modules/express/lib/router/route.js:137:13)
    at AuthMiddleware (/var/www/backend.grighund.net/Grighund.net_server/Middleware/AuthMiddleware.js:15:13)
    at runMicrotasks (<anonymous>)
    at processTicksAndRejections (node:internal/process/task_queues:96:5)
TypeError: Cannot read properties of null (reading '_id')
    at exports.getMyParkNFT (/var/www/backend.grighund.net/Grighund.net_server/Controller/ParkController.js:79:57)
    at Layer.handle [as handle_request] (/var/www/backend.grighund.net/Grighund.net_server/node_modules/express/lib/router/layer.js:95:5)
    at next (/var/www/backend.grighund.net/Grighund.net_server/node_modules/express/lib/router/route.js:137:13)
    at AuthMiddleware (/var/www/backend.grighund.net/Grighund.net_server/Middleware/AuthMiddleware.js:15:13)
    at runMicrotasks (<anonymous>)
    at processTicksAndRejections (node:internal/process/task_queues:96:5)
TypeError: Cannot read properties of null (reading '_id')
    at exports.getBreedNFTs (/var/www/backend.grighund.net/Grighund.net_server/Controller/BreedNFTController.js:162:28)
    at Layer.handle [as handle_request] (/var/www/backend.grighund.net/Grighund.net_server/node_modules/express/lib/router/layer.js:95:5)
    at next (/var/www/backend.grighund.net/Grighund.net_server/node_modules/express/lib/router/route.js:137:13)
    at AuthMiddleware (/var/www/backend.grighund.net/Grighund.net_server/Middleware/AuthMiddleware.js:15:13)
    at runMicrotasks (<anonymous>)
    at processTicksAndRejections (node:internal/process/task_queues:96:5)
TypeError: Cannot read properties of null (reading '_id')
    at exports.addNewMintNft (/var/www/backend.grighund.net/Grighund.net_server/Controller/MintNFTController.js:184:28)
    at runMicrotasks (<anonymous>)
    at processTicksAndRejections (node:internal/process/task_queues:96:5)
Cannot read properties of null (reading '_id')
TypeError: Cannot read properties of null (reading '_id')
    at exports.addNewMintNft (/var/www/backend.grighund.net/Grighund.net_server/Controller/MintNFTController.js:184:28)
    at runMicrotasks (<anonymous>)
    at processTicksAndRejections (node:internal/process/task_queues:96:5)
TypeError: Cannot read properties of null (reading '_id')
    at exports.addNewMintNft (/var/www/backend.grighund.net/Grighund.net_server/Controller/MintNFTController.js:184:28)
    at runMicrotasks (<anonymous>)
    at processTicksAndRejections (node:internal/process/task_queues:96:5)
TypeError: Cannot read properties of null (reading '_id')
    at exports.getMyVirtualWallet (/var/www/backend.grighund.net/Grighund.net_server/Controller/VirtualWalletController.js:5:76)
    at Layer.handle [as handle_request] (/var/www/backend.grighund.net/Grighund.net_server/node_modules/express/lib/router/layer.js:95:5)
    at next (/var/www/backend.grighund.net/Grighund.net_server/node_modules/express/lib/router/route.js:137:13)
    at AuthMiddleware (/var/www/backend.grighund.net/Grighund.net_server/Middleware/AuthMiddleware.js:15:13)
    at runMicrotasks (<anonymous>)
    at processTicksAndRejections (node:internal/process/task_queues:96:5)
TypeError: Cannot read properties of null (reading '_id')
    at exports.getMyVirtualWallet (/var/www/backend.grighund.net/Grighund.net_server/Controller/VirtualWalletController.js:5:76)
    at Layer.handle [as handle_request] (/var/www/backend.grighund.net/Grighund.net_server/node_modules/express/lib/router/layer.js:95:5)
    at next (/var/www/backend.grighund.net/Grighund.net_server/node_modules/express/lib/router/route.js:137:13)
    at AuthMiddleware (/var/www/backend.grighund.net/Grighund.net_server/Middleware/AuthMiddleware.js:15:13)
    at runMicrotasks (<anonymous>)
    at processTicksAndRejections (node:internal/process/task_queues:96:5)
TypeError: Cannot read properties of null (reading '_id')
    at exports.getMyVirtualWallet (/var/www/backend.grighund.net/Grighund.net_server/Controller/VirtualWalletController.js:5:76)
    at Layer.handle [as handle_request] (/var/www/backend.grighund.net/Grighund.net_server/node_modules/express/lib/router/layer.js:95:5)
    at next (/var/www/backend.grighund.net/Grighund.net_server/node_modules/express/lib/router/route.js:137:13)
    at AuthMiddleware (/var/www/backend.grighund.net/Grighund.net_server/Middleware/AuthMiddleware.js:15:13)
    at runMicrotasks (<anonymous>)
    at processTicksAndRejections (node:internal/process/task_queues:96:5)
TypeError: Cannot read properties of null (reading '_id')
    at exports.getMyVirtualWallet (/var/www/backend.grighund.net/Grighund.net_server/Controller/VirtualWalletController.js:5:76)
    at Layer.handle [as handle_request] (/var/www/backend.grighund.net/Grighund.net_server/node_modules/express/lib/router/layer.js:95:5)
    at next (/var/www/backend.grighund.net/Grighund.net_server/node_modules/express/lib/router/route.js:137:13)
    at AuthMiddleware (/var/www/backend.grighund.net/Grighund.net_server/Middleware/AuthMiddleware.js:15:13)
    at runMicrotasks (<anonymous>)
    at processTicksAndRejections (node:internal/process/task_queues:96:5)
TypeError: Cannot read properties of null (reading '_id')
    at exports.getMyVirtualWallet (/var/www/backend.grighund.net/Grighund.net_server/Controller/VirtualWalletController.js:5:76)
    at Layer.handle [as handle_request] (/var/www/backend.grighund.net/Grighund.net_server/node_modules/express/lib/router/layer.js:95:5)
    at next (/var/www/backend.grighund.net/Grighund.net_server/node_modules/express/lib/router/route.js:137:13)
    at AuthMiddleware (/var/www/backend.grighund.net/Grighund.net_server/Middleware/AuthMiddleware.js:15:13)
    at runMicrotasks (<anonymous>)
    at processTicksAndRejections (node:internal/process/task_queues:96:5)
TypeError: Cannot read properties of null (reading '_id')
    at exports.getMyVirtualWallet (/var/www/backend.grighund.net/Grighund.net_server/Controller/VirtualWalletController.js:5:76)
    at Layer.handle [as handle_request] (/var/www/backend.grighund.net/Grighund.net_server/node_modules/express/lib/router/layer.js:95:5)
    at next (/var/www/backend.grighund.net/Grighund.net_server/node_modules/express/lib/router/route.js:137:13)
    at AuthMiddleware (/var/www/backend.grighund.net/Grighund.net_server/Middleware/AuthMiddleware.js:15:13)
    at runMicrotasks (<anonymous>)
    at processTicksAndRejections (node:internal/process/task_queues:96:5)
TypeError: Cannot read properties of null (reading '_id')
    at exports.getMyVirtualWallet (/var/www/backend.grighund.net/Grighund.net_server/Controller/VirtualWalletController.js:5:76)
    at Layer.handle [as handle_request] (/var/www/backend.grighund.net/Grighund.net_server/node_modules/express/lib/router/layer.js:95:5)
    at next (/var/www/backend.grighund.net/Grighund.net_server/node_modules/express/lib/router/route.js:137:13)
    at AuthMiddleware (/var/www/backend.grighund.net/Grighund.net_server/Middleware/AuthMiddleware.js:15:13)
    at runMicrotasks (<anonymous>)
    at processTicksAndRejections (node:internal/process/task_queues:96:5)
TypeError: Cannot read properties of null (reading '_id')
    at exports.getMyVirtualWallet (/var/www/backend.grighund.net/Grighund.net_server/Controller/VirtualWalletController.js:5:76)
    at Layer.handle [as handle_request] (/var/www/backend.grighund.net/Grighund.net_server/node_modules/express/lib/router/layer.js:95:5)
    at next (/var/www/backend.grighund.net/Grighund.net_server/node_modules/express/lib/router/route.js:137:13)
    at AuthMiddleware (/var/www/backend.grighund.net/Grighund.net_server/Middleware/AuthMiddleware.js:15:13)
    at runMicrotasks (<anonymous>)
    at processTicksAndRejections (node:internal/process/task_queues:96:5)
TypeError: Cannot read properties of null (reading '_id')
    at exports.getMyVirtualWallet (/var/www/backend.grighund.net/Grighund.net_server/Controller/VirtualWalletController.js:5:76)
    at Layer.handle [as handle_request] (/var/www/backend.grighund.net/Grighund.net_server/node_modules/express/lib/router/layer.js:95:5)
    at next (/var/www/backend.grighund.net/Grighund.net_server/node_modules/express/lib/router/route.js:137:13)
    at AuthMiddleware (/var/www/backend.grighund.net/Grighund.net_server/Middleware/AuthMiddleware.js:15:13)
    at runMicrotasks (<anonymous>)
    at processTicksAndRejections (node:internal/process/task_queues:96:5)
TypeError: Cannot read properties of null (reading '_id')
    at exports.getMyVirtualWallet (/var/www/backend.grighund.net/Grighund.net_server/Controller/VirtualWalletController.js:5:76)
    at Layer.handle [as handle_request] (/var/www/backend.grighund.net/Grighund.net_server/node_modules/express/lib/router/layer.js:95:5)
    at next (/var/www/backend.grighund.net/Grighund.net_server/node_modules/express/lib/router/route.js:137:13)
    at AuthMiddleware (/var/www/backend.grighund.net/Grighund.net_server/Middleware/AuthMiddleware.js:15:13)
    at runMicrotasks (<anonymous>)
    at processTicksAndRejections (node:internal/process/task_queues:96:5)
TypeError: Cannot read properties of null (reading '_id')
    at exports.getMyVirtualWallet (/var/www/backend.grighund.net/Grighund.net_server/Controller/VirtualWalletController.js:5:76)
    at Layer.handle [as handle_request] (/var/www/backend.grighund.net/Grighund.net_server/node_modules/express/lib/router/layer.js:95:5)
    at next (/var/www/backend.grighund.net/Grighund.net_server/node_modules/express/lib/router/route.js:137:13)
    at AuthMiddleware (/var/www/backend.grighund.net/Grighund.net_server/Middleware/AuthMiddleware.js:15:13)
    at runMicrotasks (<anonymous>)
    at processTicksAndRejections (node:internal/process/task_queues:96:5)
Cannot read properties of null (reading '_id')
TypeError: Cannot read properties of null (reading '_id')
    at exports.addNewMintNft (/var/www/backend.grighund.net/Grighund.net_server/Controller/MintNFTController.js:184:28)
    at runMicrotasks (<anonymous>)
    at processTicksAndRejections (node:internal/process/task_queues:96:5)
TypeError: Cannot read properties of null (reading '_id')
    at exports.getMyParkNFT (/var/www/backend.grighund.net/Grighund.net_server/Controller/ParkController.js:79:57)
    at Layer.handle [as handle_request] (/var/www/backend.grighund.net/Grighund.net_server/node_modules/express/lib/router/layer.js:95:5)
    at next (/var/www/backend.grighund.net/Grighund.net_server/node_modules/express/lib/router/route.js:137:13)
    at AuthMiddleware (/var/www/backend.grighund.net/Grighund.net_server/Middleware/AuthMiddleware.js:15:13)
    at runMicrotasks (<anonymous>)
    at processTicksAndRejections (node:internal/process/task_queues:96:5)
TypeError: Cannot read properties of null (reading '_id')
    at exports.getBreedNFTs (/var/www/backend.grighund.net/Grighund.net_server/Controller/BreedNFTController.js:162:28)
    at Layer.handle [as handle_request] (/var/www/backend.grighund.net/Grighund.net_server/node_modules/express/lib/router/layer.js:95:5)
    at next (/var/www/backend.grighund.net/Grighund.net_server/node_modules/express/lib/router/route.js:137:13)
    at AuthMiddleware (/var/www/backend.grighund.net/Grighund.net_server/Middleware/AuthMiddleware.js:15:13)
    at runMicrotasks (<anonymous>)
    at processTicksAndRejections (node:internal/process/task_queues:96:5)
TypeError: Cannot read properties of null (reading '_id')
    at exports.getMyParkNFT (/var/www/backend.grighund.net/Grighund.net_server/Controller/ParkController.js:79:57)
    at Layer.handle [as handle_request] (/var/www/backend.grighund.net/Grighund.net_server/node_modules/express/lib/router/layer.js:95:5)
    at next (/var/www/backend.grighund.net/Grighund.net_server/node_modules/express/lib/router/route.js:137:13)
    at AuthMiddleware (/var/www/backend.grighund.net/Grighund.net_server/Middleware/AuthMiddleware.js:15:13)
    at runMicrotasks (<anonymous>)
    at processTicksAndRejections (node:internal/process/task_queues:96:5)
TypeError: Cannot read properties of null (reading '_id')
    at exports.getBreedNFTs (/var/www/backend.grighund.net/Grighund.net_server/Controller/BreedNFTController.js:162:28)
    at Layer.handle [as handle_request] (/var/www/backend.grighund.net/Grighund.net_server/node_modules/express/lib/router/layer.js:95:5)
    at next (/var/www/backend.grighund.net/Grighund.net_server/node_modules/express/lib/router/route.js:137:13)
    at AuthMiddleware (/var/www/backend.grighund.net/Grighund.net_server/Middleware/AuthMiddleware.js:15:13)
    at runMicrotasks (<anonymous>)
    at processTicksAndRejections (node:internal/process/task_queues:96:5)
TypeError: Cannot read properties of null (reading '_id')
    at exports.getBreedNFTs (/var/www/backend.grighund.net/Grighund.net_server/Controller/BreedNFTController.js:162:28)
    at Layer.handle [as handle_request] (/var/www/backend.grighund.net/Grighund.net_server/node_modules/express/lib/router/layer.js:95:5)
    at next (/var/www/backend.grighund.net/Grighund.net_server/node_modules/express/lib/router/route.js:137:13)
    at AuthMiddleware (/var/www/backend.grighund.net/Grighund.net_server/Middleware/AuthMiddleware.js:15:13)
    at runMicrotasks (<anonymous>)
    at processTicksAndRejections (node:internal/process/task_queues:96:5)

> grighundserver@1.0.0 start
> node index.js

server connected
monoDB is connected

> grighundserver@1.0.0 start
> node index.js

server connected
monoDB is connected
CastError: Cast to ObjectId failed for value "add'" (type string) at path "_id" for model "Admin"
    at model.Query.exec (/var/www/backend.grighund.net/Grighund.net_server/node_modules/mongoose/lib/query.js:4641:21)
    at model.Query.Query.then (/var/www/backend.grighund.net/Grighund.net_server/node_modules/mongoose/lib/query.js:4740:15)
    at runMicrotasks (<anonymous>)
    at processTicksAndRejections (node:internal/process/task_queues:96:5) {
  messageFormat: undefined,
  stringValue: `"add'"`,
  kind: 'ObjectId',
  value: "add'",
  path: '_id',
  reason: BSONTypeError: Argument passed in must be a string of 12 bytes or a string of 24 hex characters
      at new BSONTypeError (/var/www/backend.grighund.net/Grighund.net_server/node_modules/bson/lib/error.js:41:28)
      at new ObjectId (/var/www/backend.grighund.net/Grighund.net_server/node_modules/bson/lib/objectid.js:65:23)
      at castObjectId (/var/www/backend.grighund.net/Grighund.net_server/node_modules/mongoose/lib/cast/objectid.js:24:12)
      at ObjectId.cast (/var/www/backend.grighund.net/Grighund.net_server/node_modules/mongoose/lib/schema/objectid.js:247:12)
      at ObjectId.SchemaType.applySetters (/var/www/backend.grighund.net/Grighund.net_server/node_modules/mongoose/lib/schematype.js:1180:12)
      at ObjectId.SchemaType._castForQuery (/var/www/backend.grighund.net/Grighund.net_server/node_modules/mongoose/lib/schematype.js:1614:15)
      at ObjectId.SchemaType.castForQuery (/var/www/backend.grighund.net/Grighund.net_server/node_modules/mongoose/lib/schematype.js:1604:15)
      at ObjectId.SchemaType.castForQueryWrapper (/var/www/backend.grighund.net/Grighund.net_server/node_modules/mongoose/lib/schematype.js:1581:20)
      at cast (/var/www/backend.grighund.net/Grighund.net_server/node_modules/mongoose/lib/cast.js:344:32)
      at model.Query.Query.cast (/var/www/backend.grighund.net/Grighund.net_server/node_modules/mongoose/lib/query.js:5076:12),
  valueType: 'string'
}

> grighundserver@1.0.0 start
> node index.js

server connected
monoDB is connected
